This is pdfTeX, Version 3.14159265-2.6-1.40.21 (MiKTeX 20.7) (preloaded format=pdflatex 2020.10.3)  15 OCT 2021 09:57
entering extended mode
**./myGdoc.tex
(myGdoc.tex
LaTeX2e <2020-02-02> patch level 5
L3 programming layer <2020-09-03>
("C:\Users\Luc Angevare\AppData\Local\Programs\MiKTeX\tex/latex/base\article.cl
s"
Document Class: article 2019/12/20 v1.4l Standard LaTeX document class
("C:\Users\Luc Angevare\AppData\Local\Programs\MiKTeX\tex/latex/base\size10.clo
"
File: size10.clo 2019/12/20 v1.4l Standard LaTeX file (size option)
)
\c@part=\count168
\c@section=\count169
\c@subsection=\count170
\c@subsubsection=\count171
\c@paragraph=\count172
\c@subparagraph=\count173
\c@figure=\count174
\c@table=\count175
\abovecaptionskip=\skip47
\belowcaptionskip=\skip48
\bibindent=\dimen134
)
("C:\Users\Luc Angevare\AppData\Local\Programs\MiKTeX\tex/latex/amsmath\amsmath
.sty"
Package: amsmath 2020/01/20 v2.17e AMS math features
\@mathmargin=\skip49

For additional information on amsmath, use the `?' option.

("C:\Users\Luc Angevare\AppData\Local\Programs\MiKTeX\tex/latex/amsmath\amstext
.sty"
Package: amstext 2000/06/29 v2.01 AMS text

("C:\Users\Luc Angevare\AppData\Local\Programs\MiKTeX\tex/latex/amsmath\amsgen.
sty"
File: amsgen.sty 1999/11/30 v2.0 generic functions
\@emptytoks=\toks15
\ex@=\dimen135
))
("C:\Users\Luc Angevare\AppData\Local\Programs\MiKTeX\tex/latex/amsmath\amsbsy.
sty"
Package: amsbsy 1999/11/29 v1.2d Bold Symbols
\pmbraise@=\dimen136
)
("C:\Users\Luc Angevare\AppData\Local\Programs\MiKTeX\tex/latex/amsmath\amsopn.
sty"
Package: amsopn 2016/03/08 v2.02 operator names
)
\inf@bad=\count176
LaTeX Info: Redefining \frac on input line 227.
\uproot@=\count177
\leftroot@=\count178
LaTeX Info: Redefining \overline on input line 389.
\classnum@=\count179
\DOTSCASE@=\count180
LaTeX Info: Redefining \ldots on input line 486.
LaTeX Info: Redefining \dots on input line 489.
LaTeX Info: Redefining \cdots on input line 610.
\Mathstrutbox@=\box45
\strutbox@=\box46
\big@size=\dimen137
LaTeX Font Info:    Redeclaring font encoding OML on input line 733.
LaTeX Font Info:    Redeclaring font encoding OMS on input line 734.
\macc@depth=\count181
\c@MaxMatrixCols=\count182
\dotsspace@=\muskip16
\c@parentequation=\count183
\dspbrk@lvl=\count184
\tag@help=\toks16
\row@=\count185
\column@=\count186
\maxfields@=\count187
\andhelp@=\toks17
\eqnshift@=\dimen138
\alignsep@=\dimen139
\tagshift@=\dimen140
\tagwidth@=\dimen141
\totwidth@=\dimen142
\lineht@=\dimen143
\@envbody=\toks18
\multlinegap=\skip50
\multlinetaggap=\skip51
\mathdisplay@stack=\toks19
LaTeX Info: Redefining \[ on input line 2859.
LaTeX Info: Redefining \] on input line 2860.
)
("C:\Users\Luc Angevare\AppData\Local\Programs\MiKTeX\tex/latex/amsfonts\amssym
b.sty"
Package: amssymb 2013/01/14 v3.01 AMS font symbols

("C:\Users\Luc Angevare\AppData\Local\Programs\MiKTeX\tex/latex/amsfonts\amsfon
ts.sty"
Package: amsfonts 2013/01/14 v3.01 Basic AMSFonts support
\symAMSa=\mathgroup4
\symAMSb=\mathgroup5
LaTeX Font Info:    Redeclaring math symbol \hbar on input line 98.
LaTeX Font Info:    Overwriting math alphabet `\mathfrak' in version `bold'
(Font)                  U/euf/m/n --> U/euf/b/n on input line 106.
))
("C:\Users\Luc Angevare\AppData\Local\Programs\MiKTeX\tex/latex/natbib\natbib.s
ty"
Package: natbib 2010/09/13 8.31b (PWD, AO)
\bibhang=\skip52
\bibsep=\skip53
LaTeX Info: Redefining \cite on input line 694.
\c@NAT@ctr=\count188
)
("C:\Users\Luc Angevare\AppData\Local\Programs\MiKTeX\tex/latex/lm\lmodern.sty"
Package: lmodern 2009/10/30 v1.6 Latin Modern Fonts
LaTeX Font Info:    Overwriting symbol font `operators' in version `normal'
(Font)                  OT1/cmr/m/n --> OT1/lmr/m/n on input line 22.
LaTeX Font Info:    Overwriting symbol font `letters' in version `normal'
(Font)                  OML/cmm/m/it --> OML/lmm/m/it on input line 23.
LaTeX Font Info:    Overwriting symbol font `symbols' in version `normal'
(Font)                  OMS/cmsy/m/n --> OMS/lmsy/m/n on input line 24.
LaTeX Font Info:    Overwriting symbol font `largesymbols' in version `normal'
(Font)                  OMX/cmex/m/n --> OMX/lmex/m/n on input line 25.
LaTeX Font Info:    Overwriting symbol font `operators' in version `bold'
(Font)                  OT1/cmr/bx/n --> OT1/lmr/bx/n on input line 26.
LaTeX Font Info:    Overwriting symbol font `letters' in version `bold'
(Font)                  OML/cmm/b/it --> OML/lmm/b/it on input line 27.
LaTeX Font Info:    Overwriting symbol font `symbols' in version `bold'
(Font)                  OMS/cmsy/b/n --> OMS/lmsy/b/n on input line 28.
LaTeX Font Info:    Overwriting symbol font `largesymbols' in version `bold'
(Font)                  OMX/cmex/m/n --> OMX/lmex/m/n on input line 29.
LaTeX Font Info:    Overwriting math alphabet `\mathbf' in version `normal'
(Font)                  OT1/cmr/bx/n --> OT1/lmr/bx/n on input line 31.
LaTeX Font Info:    Overwriting math alphabet `\mathsf' in version `normal'
(Font)                  OT1/cmss/m/n --> OT1/lmss/m/n on input line 32.
LaTeX Font Info:    Overwriting math alphabet `\mathit' in version `normal'
(Font)                  OT1/cmr/m/it --> OT1/lmr/m/it on input line 33.
LaTeX Font Info:    Overwriting math alphabet `\mathtt' in version `normal'
(Font)                  OT1/cmtt/m/n --> OT1/lmtt/m/n on input line 34.
LaTeX Font Info:    Overwriting math alphabet `\mathbf' in version `bold'
(Font)                  OT1/cmr/bx/n --> OT1/lmr/bx/n on input line 35.
LaTeX Font Info:    Overwriting math alphabet `\mathsf' in version `bold'
(Font)                  OT1/cmss/bx/n --> OT1/lmss/bx/n on input line 36.
LaTeX Font Info:    Overwriting math alphabet `\mathit' in version `bold'
(Font)                  OT1/cmr/bx/it --> OT1/lmr/bx/it on input line 37.
LaTeX Font Info:    Overwriting math alphabet `\mathtt' in version `bold'
(Font)                  OT1/cmtt/m/n --> OT1/lmtt/m/n on input line 38.
)
("C:\Users\Luc Angevare\AppData\Local\Programs\MiKTeX\tex/generic/iftex\iftex.s
ty"
Package: iftex 2020/03/06 v1.0d TeX engine tests
)
("C:\Users\Luc Angevare\AppData\Local\Programs\MiKTeX\tex/latex/base\fontenc.st
y"
Package: fontenc 2020/02/11 v2.0o Standard LaTeX package
LaTeX Font Info:    Trying to load font information for T1+lmr on input line 11
2.
 ("C:\Users\Luc Angevare\AppData\Local\Programs\MiKTeX\tex/latex/lm\t1lmr.fd"
File: t1lmr.fd 2009/10/30 v1.6 Font defs for Latin Modern
))
("C:\Users\Luc Angevare\AppData\Local\Programs\MiKTeX\tex/latex/base\inputenc.s
ty"
Package: inputenc 2018/08/11 v1.3c Input encoding file
\inpenc@prehook=\toks20
\inpenc@posthook=\toks21
)
("C:\Users\Luc Angevare\AppData\Local\Programs\MiKTeX\tex/latex/base\textcomp.s
ty"
Package: textcomp 2020/02/02 v2.0n Standard LaTeX package
)
("C:\Users\Luc Angevare\AppData\Local\Programs\MiKTeX\tex/latex/upquote\upquote
.sty"
Package: upquote 2012/04/19 v1.3 upright-quote and grave-accent glyphs in verba
tim
)
("C:\Users\Luc Angevare\AppData\Local\Programs\MiKTeX\tex/latex/microtype\micro
type.sty"
Package: microtype 2019/11/18 v2.7d Micro-typographical refinements (RS)

("C:\Users\Luc Angevare\AppData\Local\Programs\MiKTeX\tex/latex/graphics\keyval
.sty"
Package: keyval 2014/10/28 v1.15 key=value parser (DPC)
\KV@toks@=\toks22
)
\MT@toks=\toks23
\MT@count=\count189
LaTeX Info: Redefining \textls on input line 790.
\MT@outer@kern=\dimen144
LaTeX Info: Redefining \textmicrotypecontext on input line 1354.
\MT@listname@count=\count190

("C:\Users\Luc Angevare\AppData\Local\Programs\MiKTeX\tex/latex/microtype\micro
type-pdftex.def"
File: microtype-pdftex.def 2019/11/18 v2.7d Definitions specific to pdftex (RS)

LaTeX Info: Redefining \lsstyle on input line 914.
LaTeX Info: Redefining \lslig on input line 914.
\MT@outer@space=\skip54
)
Package microtype Info: Loading configuration file microtype.cfg.

("C:\Users\Luc Angevare\AppData\Local\Programs\MiKTeX\tex/latex/microtype\micro
type.cfg"
File: microtype.cfg 2019/11/18 v2.7d microtype main configuration file (RS)
))
("C:\Users\Luc Angevare\AppData\Local\Programs\MiKTeX\tex/latex/parskip\parskip
.sty"
Package: parskip 2020-06-15 v2.0f non-zero parskip adjustments

("C:\Users\Luc Angevare\AppData\Local\Programs\MiKTeX\tex/latex/kvoptions\kvopt
ions.sty"
Package: kvoptions 2019/11/29 v3.13 Key value format for package options (HO)

("C:\Users\Luc Angevare\AppData\Local\Programs\MiKTeX\tex/generic/ltxcmds\ltxcm
ds.sty"
Package: ltxcmds 2019/12/15 v1.24 LaTeX kernel commands for general use (HO)
)
("C:\Users\Luc Angevare\AppData\Local\Programs\MiKTeX\tex/generic/kvsetkeys\kvs
etkeys.sty"
Package: kvsetkeys 2019/12/15 v1.18 Key value parser (HO)
))
("C:\Users\Luc Angevare\AppData\Local\Programs\MiKTeX\tex/latex/etoolbox\etoolb
ox.sty"
Package: etoolbox 2020/08/24 v2.5j e-TeX tools for LaTeX (JAW)
\etb@tempcnta=\count191
))
("C:\Users\Luc Angevare\AppData\Local\Programs\MiKTeX\tex/latex/xcolor\xcolor.s
ty"
Package: xcolor 2016/05/11 v2.12 LaTeX color extensions (UK)

("C:\Users\Luc Angevare\AppData\Local\Programs\MiKTeX\tex/latex/graphics-cfg\co
lor.cfg"
File: color.cfg 2016/01/02 v1.6 sample color configuration
)
Package xcolor Info: Driver file: pdftex.def on input line 225.

("C:\Users\Luc Angevare\AppData\Local\Programs\MiKTeX\tex/latex/graphics-def\pd
ftex.def"
File: pdftex.def 2020/08/26 v1.2 Graphics/color driver for pdftex
)
Package xcolor Info: Model `cmy' substituted by `cmy0' on input line 1348.
Package xcolor Info: Model `hsb' substituted by `rgb' on input line 1352.
Package xcolor Info: Model `RGB' extended on input line 1364.
Package xcolor Info: Model `HTML' substituted by `rgb' on input line 1366.
Package xcolor Info: Model `Hsb' substituted by `hsb' on input line 1367.
Package xcolor Info: Model `tHsb' substituted by `hsb' on input line 1368.
Package xcolor Info: Model `HSB' substituted by `hsb' on input line 1369.
Package xcolor Info: Model `Gray' substituted by `gray' on input line 1370.
Package xcolor Info: Model `wave' substituted by `hsb' on input line 1371.
)
("C:\Users\Luc Angevare\AppData\Local\Programs\MiKTeX\tex/latex/xurl\xurl.sty"
Package: xurl 2020/01/24 v 0.09 modify URL breaks

("C:\Users\Luc Angevare\AppData\Local\Programs\MiKTeX\tex/latex/url\url.sty"
\Urlmuskip=\muskip17
Package: url 2013/09/16  ver 3.4  Verb mode for urls, etc.
))
("C:\Users\Luc Angevare\AppData\Local\Programs\MiKTeX\tex/latex/bookmark\bookma
rk.sty"
Package: bookmark 2019/12/03 v1.28 PDF bookmarks (HO)

("C:\Users\Luc Angevare\AppData\Local\Programs\MiKTeX\tex/latex/hyperref\hyperr
ef.sty"
Package: hyperref 2020-05-15 v7.00e Hypertext links for LaTeX

("C:\Users\Luc Angevare\AppData\Local\Programs\MiKTeX\tex/generic/pdftexcmds\pd
ftexcmds.sty"
Package: pdftexcmds 2020-06-27 v0.33 Utility functions of pdfTeX for LuaTeX (HO
)

("C:\Users\Luc Angevare\AppData\Local\Programs\MiKTeX\tex/generic/infwarerr\inf
warerr.sty"
Package: infwarerr 2019/12/03 v1.5 Providing info/warning/error messages (HO)
)
Package pdftexcmds Info: \pdf@primitive is available.
Package pdftexcmds Info: \pdf@ifprimitive is available.
Package pdftexcmds Info: \pdfdraftmode found.
)
("C:\Users\Luc Angevare\AppData\Local\Programs\MiKTeX\tex/generic/kvdefinekeys\
kvdefinekeys.sty"
Package: kvdefinekeys 2019-12-19 v1.6 Define keys (HO)
)
("C:\Users\Luc Angevare\AppData\Local\Programs\MiKTeX\tex/generic/pdfescape\pdf
escape.sty"
Package: pdfescape 2019/12/09 v1.15 Implements pdfTeX's escape features (HO)
)
("C:\Users\Luc Angevare\AppData\Local\Programs\MiKTeX\tex/latex/hycolor\hycolor
.sty"
Package: hycolor 2020-01-27 v1.10 Color options for hyperref/bookmark (HO)
)
("C:\Users\Luc Angevare\AppData\Local\Programs\MiKTeX\tex/latex/letltxmacro\let
ltxmacro.sty"
Package: letltxmacro 2019/12/03 v1.6 Let assignment for LaTeX macros (HO)
)
("C:\Users\Luc Angevare\AppData\Local\Programs\MiKTeX\tex/latex/auxhook\auxhook
.sty"
Package: auxhook 2019-12-17 v1.6 Hooks for auxiliary files (HO)
)
\@linkdim=\dimen145
\Hy@linkcounter=\count192
\Hy@pagecounter=\count193

("C:\Users\Luc Angevare\AppData\Local\Programs\MiKTeX\tex/latex/hyperref\pd1enc
.def"
File: pd1enc.def 2020-05-15 v7.00e Hyperref: PDFDocEncoding definition (HO)
Now handling font encoding PD1 ...
... no UTF-8 mapping file for font encoding PD1
)
("C:\Users\Luc Angevare\AppData\Local\Programs\MiKTeX\tex/generic/intcalc\intca
lc.sty"
Package: intcalc 2019/12/15 v1.3 Expandable calculations with integers (HO)
)
("C:\Users\Luc Angevare\AppData\Local\Programs\MiKTeX\tex/generic/etexcmds\etex
cmds.sty"
Package: etexcmds 2019/12/15 v1.7 Avoid name clashes with e-TeX commands (HO)
)
\Hy@SavedSpaceFactor=\count194
Package hyperref Info: Option `unicode' set `true' on input line 4338.

("C:\Users\Luc Angevare\AppData\Local\Programs\MiKTeX\tex/latex/hyperref\puenc.
def"
File: puenc.def 2020-05-15 v7.00e Hyperref: PDF Unicode definition (HO)
Now handling font encoding PU ...
... no UTF-8 mapping file for font encoding PU
)
Package hyperref Info: Hyper figures OFF on input line 4464.
Package hyperref Info: Link nesting OFF on input line 4469.
Package hyperref Info: Hyper index ON on input line 4472.
Package hyperref Info: Plain pages OFF on input line 4479.
Package hyperref Info: Backreferencing OFF on input line 4484.
Package hyperref Info: Implicit mode ON; LaTeX internals redefined.
Package hyperref Info: Bookmarks ON on input line 4717.
\c@Hy@tempcnt=\count195
LaTeX Info: Redefining \url on input line 5076.
\XeTeXLinkMargin=\dimen146

("C:\Users\Luc Angevare\AppData\Local\Programs\MiKTeX\tex/generic/bitset\bitset
.sty"
Package: bitset 2019/12/09 v1.3 Handle bit-vector datatype (HO)

("C:\Users\Luc Angevare\AppData\Local\Programs\MiKTeX\tex/generic/bigintcalc\bi
gintcalc.sty"
Package: bigintcalc 2019/12/15 v1.5 Expandable calculations on big integers (HO
)
))
\Fld@menulength=\count196
\Field@Width=\dimen147
\Fld@charsize=\dimen148
Package hyperref Info: Hyper figures OFF on input line 6347.
Package hyperref Info: Link nesting OFF on input line 6352.
Package hyperref Info: Hyper index ON on input line 6355.
Package hyperref Info: backreferencing OFF on input line 6362.
Package hyperref Info: Link coloring OFF on input line 6367.
Package hyperref Info: Link coloring with OCG OFF on input line 6372.
Package hyperref Info: PDF/A mode OFF on input line 6377.
LaTeX Info: Redefining \ref on input line 6417.
LaTeX Info: Redefining \pageref on input line 6421.

("C:\Users\Luc Angevare\AppData\Local\Programs\MiKTeX\tex/generic/atbegshi\atbe
gshi.sty"
Package: atbegshi 2019/12/05 v1.19 At begin shipout hook (HO)
)
\Hy@abspage=\count197
\c@Item=\count198
\c@Hfootnote=\count199
)
Package hyperref Info: Driver (autodetected): hpdftex.

("C:\Users\Luc Angevare\AppData\Local\Programs\MiKTeX\tex/latex/hyperref\hpdfte
x.def"
File: hpdftex.def 2020-05-15 v7.00e Hyperref driver for pdfTeX

("C:\Users\Luc Angevare\AppData\Local\Programs\MiKTeX\tex/latex/atveryend\atver
yend.sty"
Package: atveryend 2019-12-11 v1.11 Hooks at the very end of document (HO)
)
\Fld@listcount=\count266
\c@bookmark@seq@number=\count267

("C:\Users\Luc Angevare\AppData\Local\Programs\MiKTeX\tex/latex/rerunfilecheck\
rerunfilecheck.sty"
Package: rerunfilecheck 2019/12/05 v1.9 Rerun checks for auxiliary files (HO)

("C:\Users\Luc Angevare\AppData\Local\Programs\MiKTeX\tex/generic/uniquecounter
\uniquecounter.sty"
Package: uniquecounter 2019/12/15 v1.4 Provide unlimited unique counter (HO)
)
Package uniquecounter Info: New unique counter `rerunfilecheck' on input line 2
86.
)
\Hy@SectionHShift=\skip55
)
("C:\Users\Luc Angevare\AppData\Local\Programs\MiKTeX\tex/latex/bookmark\bkm-pd
ftex.def"
File: bkm-pdftex.def 2019/12/03 v1.28 bookmark driver for pdfTeX (HO)
\BKM@id=\count268
))
("C:\Users\Luc Angevare\AppData\Local\Programs\MiKTeX\tex/latex/graphics\graphi
cx.sty"
Package: graphicx 2019/11/30 v1.2a Enhanced LaTeX Graphics (DPC,SPQR)

("C:\Users\Luc Angevare\AppData\Local\Programs\MiKTeX\tex/latex/graphics\graphi
cs.sty"
Package: graphics 2019/11/30 v1.4a Standard LaTeX Graphics (DPC,SPQR)

("C:\Users\Luc Angevare\AppData\Local\Programs\MiKTeX\tex/latex/graphics\trig.s
ty"
Package: trig 2016/01/03 v1.10 sin cos tan (DPC)
)
("C:\Users\Luc Angevare\AppData\Local\Programs\MiKTeX\tex/latex/graphics-cfg\gr
aphics.cfg"
File: graphics.cfg 2016/06/04 v1.11 sample graphics configuration
)
Package graphics Info: Driver file: pdftex.def on input line 105.
)
\Gin@req@height=\dimen149
\Gin@req@width=\dimen150
)
("C:\Users\Luc Angevare\AppData\Local\Programs\MiKTeX\tex/latex/l3backend\l3bac
kend-pdftex.def"
File: l3backend-pdftex.def 2020-09-01 L3 backend support: PDF output (pdfTeX)
\l__kernel_color_stack_int=\count269
\l__pdf_internal_box=\box47
) (myGdoc.aux)
\openout1 = `myGdoc.aux'.

LaTeX Font Info:    Checking defaults for OML/cmm/m/it on input line 71.
LaTeX Font Info:    ... okay on input line 71.
LaTeX Font Info:    Checking defaults for OMS/cmsy/m/n on input line 71.
LaTeX Font Info:    ... okay on input line 71.
LaTeX Font Info:    Checking defaults for OT1/cmr/m/n on input line 71.
LaTeX Font Info:    ... okay on input line 71.
LaTeX Font Info:    Checking defaults for T1/cmr/m/n on input line 71.
LaTeX Font Info:    ... okay on input line 71.
LaTeX Font Info:    Checking defaults for TS1/cmr/m/n on input line 71.
LaTeX Font Info:    ... okay on input line 71.
LaTeX Font Info:    Checking defaults for OMX/cmex/m/n on input line 71.
LaTeX Font Info:    ... okay on input line 71.
LaTeX Font Info:    Checking defaults for U/cmr/m/n on input line 71.
LaTeX Font Info:    ... okay on input line 71.
LaTeX Font Info:    Checking defaults for PD1/pdf/m/n on input line 71.
LaTeX Font Info:    ... okay on input line 71.
LaTeX Font Info:    Checking defaults for PU/pdf/m/n on input line 71.
LaTeX Font Info:    ... okay on input line 71.
LaTeX Info: Redefining \microtypecontext on input line 71.
Package microtype Info: Generating PDF output.
Package microtype Info: Character protrusion enabled (level 2).
Package microtype Info: Using protrusion set `basicmath'.
Package microtype Info: Automatic font expansion enabled (level 2),
(microtype)             stretch: 20, shrink: 20, step: 1, non-selected.
Package microtype Info: Using default expansion set `basictext'.
LaTeX Info: Redefining \showhyphens on input line 71.
Package microtype Info: No adjustment of tracking.
Package microtype Info: No adjustment of interword spacing.
Package microtype Info: No adjustment of character kerning.

("C:\Users\Luc Angevare\AppData\Local\Programs\MiKTeX\tex/latex/microtype\mt-cm
r.cfg"
File: mt-cmr.cfg 2013/05/19 v2.2 microtype config. file: Computer Modern Roman 
(RS)
)
("C:\Users\Luc Angevare\AppData\Local\Programs\MiKTeX\tex/context/base/mkii\sup
p-pdf.mkii"
[Loading MPS to PDF converter (version 2006.09.02).]
\scratchcounter=\count270
\scratchdimen=\dimen151
\scratchbox=\box48
\nofMPsegments=\count271
\nofMParguments=\count272
\everyMPshowfont=\toks24
\MPscratchCnt=\count273
\MPscratchDim=\dimen152
\MPnumerator=\count274
\makeMPintoPDFobject=\count275
\everyMPtoPDFconversion=\toks25
)
("C:\Users\Luc Angevare\AppData\Local\Programs\MiKTeX\tex/latex/epstopdf-pkg\ep
stopdf-base.sty"
Package: epstopdf-base 2020-01-24 v2.11 Base part for package epstopdf
Package epstopdf-base Info: Redefining graphics rule for `.eps' on input line 4
85.
)
\AtBeginShipoutBox=\box49
Package hyperref Info: Link coloring OFF on input line 71.

("C:\Users\Luc Angevare\AppData\Local\Programs\MiKTeX\tex/latex/hyperref\namere
f.sty"
Package: nameref 2019/09/16 v2.46 Cross-referencing by name of section

("C:\Users\Luc Angevare\AppData\Local\Programs\MiKTeX\tex/latex/refcount\refcou
nt.sty"
Package: refcount 2019/12/15 v3.6 Data extraction from label references (HO)
)
("C:\Users\Luc Angevare\AppData\Local\Programs\MiKTeX\tex/generic/gettitlestrin
g\gettitlestring.sty"
Package: gettitlestring 2019/12/15 v1.6 Cleanup title references (HO)
)
\c@section@level=\count276
)
LaTeX Info: Redefining \ref on input line 71.
LaTeX Info: Redefining \pageref on input line 71.
LaTeX Info: Redefining \nameref on input line 71.
LaTeX Font Info:    Trying to load font information for OT1+lmr on input line 7
4.

("C:\Users\Luc Angevare\AppData\Local\Programs\MiKTeX\tex/latex/lm\ot1lmr.fd"
File: ot1lmr.fd 2009/10/30 v1.6 Font defs for Latin Modern
)
LaTeX Font Info:    Trying to load font information for OML+lmm on input line 7
4.

("C:\Users\Luc Angevare\AppData\Local\Programs\MiKTeX\tex/latex/lm\omllmm.fd"
File: omllmm.fd 2009/10/30 v1.6 Font defs for Latin Modern
)
LaTeX Font Info:    Trying to load font information for OMS+lmsy on input line 
74.

("C:\Users\Luc Angevare\AppData\Local\Programs\MiKTeX\tex/latex/lm\omslmsy.fd"
File: omslmsy.fd 2009/10/30 v1.6 Font defs for Latin Modern
)
LaTeX Font Info:    Trying to load font information for OMX+lmex on input line 
74.
("C:\Users\Luc Angevare\AppData\Local\Programs\MiKTeX\tex/latex/lm\omxlmex.fd"
File: omxlmex.fd 2009/10/30 v1.6 Font defs for Latin Modern
)
LaTeX Font Info:    External font `lmex10' loaded for size
(Font)              <12> on input line 74.
LaTeX Font Info:    External font `lmex10' loaded for size
(Font)              <8> on input line 74.
LaTeX Font Info:    External font `lmex10' loaded for size
(Font)              <6> on input line 74.
LaTeX Font Info:    Trying to load font information for U+msa on input line 74.


("C:\Users\Luc Angevare\AppData\Local\Programs\MiKTeX\tex/latex/amsfonts\umsa.f
d"
File: umsa.fd 2013/01/14 v3.01 AMS symbols A
)
("C:\Users\Luc Angevare\AppData\Local\Programs\MiKTeX\tex/latex/microtype\mt-ms
a.cfg"
File: mt-msa.cfg 2006/02/04 v1.1 microtype config. file: AMS symbols (a) (RS)
)
LaTeX Font Info:    Trying to load font information for U+msb on input line 74.


("C:\Users\Luc Angevare\AppData\Local\Programs\MiKTeX\tex/latex/amsfonts\umsb.f
d"
File: umsb.fd 2013/01/14 v3.01 AMS symbols B
)
("C:\Users\Luc Angevare\AppData\Local\Programs\MiKTeX\tex/latex/microtype\mt-ms
b.cfg"
File: mt-msb.cfg 2005/06/01 v1.0 microtype config. file: AMS symbols (b) (RS)
) [1

{C:/Users/Luc Angevare/AppData/Local/MiKTeX/pdftex/config/pdftex.map}]
LaTeX Font Info:    External font `lmex10' loaded for size
(Font)              <10> on input line 78.
LaTeX Font Info:    External font `lmex10' loaded for size
(Font)              <7> on input line 78.
LaTeX Font Info:    External font `lmex10' loaded for size
(Font)              <5> on input line 78.
LaTeX Font Info:    Trying to load font information for TS1+lmr on input line 7
8.
 ("C:\Users\Luc Angevare\AppData\Local\Programs\MiKTeX\tex/latex/lm\ts1lmr.fd"
File: ts1lmr.fd 2009/10/30 v1.6 Font defs for Latin Modern
) [2] [3]
<media/image1.png, id=70, 1927.2pt x 1125.20375pt>
File: media/image1.png Graphic file (type png)
<use media/image1.png>
Package pdftex.def Info: media/image1.png  used on input line 213.
(pdftex.def)             Requested size: 398.3133pt x 232.55687pt.

Overfull \hbox (53.3133pt too wide) in paragraph at lines 213--214
[][] 
 []

[4]
<media/image2.png, id=88, 1204.5pt x 1003.75pt>
File: media/image2.png Graphic file (type png)
<use media/image2.png>
Package pdftex.def Info: media/image2.png  used on input line 229.
(pdftex.def)             Requested size: 318.40068pt x 265.3339pt.
 [5 <./media/image1.png>] [6 <./media/image2.png>] [7] [8] [9] [10] [11]
Overfull \hbox (89.35762pt too wide) in paragraph at lines 525--532
\T1/lmr/m/n/10 (-20) (sinds 2018 in proef-pe-ri-ode, []$[]$
 []

[12] [13] [14] [15] [16] (myGdoc.bbl [17])
Package atveryend Info: Empty hook `BeforeClearDocument' on input line 743.
 [18]
Package atveryend Info: Empty hook `AfterLastShipout' on input line 743.
 (myGdoc.aux)
Package atveryend Info: Executing hook `AtVeryEndDocument' on input line 743.
Package atveryend Info: Empty hook `AtEndAfterFileList' on input line 743.
 ) 
Here is how much of TeX's memory you used:
 13002 strings out of 481199
 193080 string characters out of 2902278
 476238 words of memory out of 3000000
 28194 multiletter control sequences out of 15000+200000
 598710 words of font info for 125 fonts, out of 3000000 for 9000
 1141 hyphenation exceptions out of 8191
 50i,6n,42p,807b,453s stack positions out of 5000i,500n,10000p,200000b,50000s
{C:/Users/Luc Angevare/AppData/Local/Programs/MiKTeX/fonts/enc/dvips/lm/lm-ts
1.enc}{C:/Users/Luc Angevare/AppData/Local/Programs/MiKTeX/fonts/enc/dvips/lm/l
m-ec.enc}<C:/Users/Luc Angevare/AppData/Local/Programs/MiKTeX/fonts/type1/publi
c/lm/lmbx10.pfb><C:/Users/Luc Angevare/AppData/Local/Programs/MiKTeX/fonts/type
1/public/lm/lmbx12.pfb><C:/Users/Luc Angevare/AppData/Local/Programs/MiKTeX/fon
ts/type1/public/lm/lmbxi10.pfb><C:/Users/Luc Angevare/AppData/Local/Programs/Mi
KTeX/fonts/type1/public/lm/lmr10.pfb><C:/Users/Luc Angevare/AppData/Local/Progr
ams/MiKTeX/fonts/type1/public/lm/lmr12.pfb><C:/Users/Luc Angevare/AppData/Local
/Programs/MiKTeX/fonts/type1/public/lm/lmr17.pfb><C:/Users/Luc Angevare/AppData
/Local/Programs/MiKTeX/fonts/type1/public/lm/lmri10.pfb><C:/Users/Luc Angevare/
AppData/Local/Programs/MiKTeX/fonts/type1/public/lm/lmri7.pfb>
Output written on myGdoc.pdf (18 pages, 589002 bytes).
PDF statistics:
 331 PDF objects out of 1000 (max. 8388607)
 94 named destinations out of 1000 (max. 500000)
 12467 words of extra memory for PDF output out of 14400 (max. 10000000)

